<?xml version="1.0" encoding="utf-8"?><testsuites name="pytest tests"><testsuite name="pytest" errors="0" failures="0" skipped="0" tests="8" time="11.105" timestamp="2026-02-07T22:54:18.451860+00:00" hostname="agent-env-9a516f4f-e11e-4e10-9e39-fc788a71c5f2"><testcase classname="backend.tests.test_auth_onboarding.TestHealthCheck" name="test_api_health" time="0.103" /><testcase classname="backend.tests.test_auth_onboarding.TestAuthSignup" name="test_signup_creates_user" time="0.463" /><testcase classname="backend.tests.test_auth_onboarding.TestAuthSignup" name="test_signup_duplicate_email_fails" time="0.698" /><testcase classname="backend.tests.test_auth_onboarding.TestSignupAndLogin" name="test_signup_then_login_then_create_workspace" time="2.135" /><testcase classname="backend.tests.test_auth_onboarding.TestJoinWorkspace" name="test_join_with_valid_invite_code" time="2.953" /><testcase classname="backend.tests.test_auth_onboarding.TestJoinWorkspace" name="test_join_with_invalid_invite_code" time="1.114" /><testcase classname="backend.tests.test_auth_onboarding.TestDemoMode" name="test_demo_setup_creates_data" time="0.657" /><testcase classname="backend.tests.test_auth_onboarding.TestDemoMode" name="test_demo_user_can_login" time="2.547" /></testsuite></testsuites>